FFT 60.6268966534 tian01 9000
['../deamon.py', '5000']
Usage:  ../deamon.py <daemon port> <scheduler_host>, <scheduler_port>
Example: ./deamon.py 5000 tian01 9000
AES 92.116124957 tian01 9000
EC 273.304172738 tian01 9000
DTW 860.657267656 tian01 9000
DTW 112.252870292 tian01 9000
DTW 491.268449665 tian01 9000
AES 256.865793022 tian01 9000
FFT 212.294195377 tian01 9000
AES 1101.53161795 tian01 9000
DTW 1006.33466943 tian01 9000
EC 818.504165371 tian01 9000
['../deamon.py', '5000']
Usage:  ../deamon.py <daemon port> <scheduler_host>, <scheduler_port>
Example: ./deamon.py 5000 tian01 9000
EC 597.693665231 tian01 9000
DTW 6.73628569142 tian01 9000
FFT 170.050578233 tian01 9000
DTW 323.02902017 tian01 9000
DTW 485.033132404 tian01 9000
AES 314.197954449 tian01 9000
DTW 846.98691324 tian01 9000
FFT 26.73410814 tian01 9000
DTW 101.585875575 tian01 9000
EC 818.504165371 tian01 9000
EC 597.693665231 tian01 9000
DTW 6.73628569142 tian01 9000
FFT 170.050578233 tian01 9000
DTW 323.02902017 tian01 9000
DTW 485.033132404 tian01 9000
AES 314.197954449 tian01 9000
DTW 846.98691324 tian01 9000
FFT 26.73410814 tian01 9000
DTW 101.585875575 tian01 9000
